{"C:\\Users\\xlan6\\Desktop\\weather-api\\knexfile.js": {"path":"C:\\Users\\xlan6\\Desktop\\weather-api\\knexfile.js","statementMap":{"0":{"start":{"line":1,"column":0},"end":{"line":24,"column":1}}},"fnMap":{},"branchMap":{},"s":{"0":5},"f":{},"b":{},"_coverageSchema":"1a1c01bbd47fc00a2c39e90264f33305004495a9","hash":"4c66f5a518c4c2b20336d9d95c1a63a5889899ca"}
,"C:\\Users\\xlan6\\Desktop\\weather-api\\src\\app.js": {"path":"C:\\Users\\xlan6\\Desktop\\weather-api\\src\\app.js","statementMap":{"0":{"start":{"line":1,"column":12},"end":{"line":1,"column":32}},"1":{"start":{"line":2,"column":16},"end":{"line":2,"column":34}},"2":{"start":{"line":3,"column":13},"end":{"line":3,"column":28}},"3":{"start":{"line":4,"column":16},"end":{"line":4,"column":34}},"4":{"start":{"line":5,"column":17},"end":{"line":5,"column":34}},"5":{"start":{"line":7,"column":13},"end":{"line":7,"column":28}},"6":{"start":{"line":8,"column":17},"end":{"line":8,"column":39}},"7":{"start":{"line":10,"column":0},"end":{"line":10,"column":28}},"8":{"start":{"line":11,"column":0},"end":{"line":11,"column":15}},"9":{"start":{"line":13,"column":0},"end":{"line":23,"column":2}},"10":{"start":{"line":26,"column":0},"end":{"line":32,"column":15}},"11":{"start":{"line":34,"column":0},"end":{"line":36,"column":2}},"12":{"start":{"line":35,"column":4},"end":{"line":35,"column":33}},"13":{"start":{"line":38,"column":0},"end":{"line":48,"column":2}},"14":{"start":{"line":39,"column":37},"end":{"line":39,"column":40}},"15":{"start":{"line":41,"column":4},"end":{"line":46,"column":5}},"16":{"start":{"line":41,"column":35},"end":{"line":41,"column":75}},"17":{"start":{"line":43,"column":19},"end":{"line":43,"column":25}},"18":{"start":{"line":44,"column":8},"end":{"line":44,"column":58}},"19":{"start":{"line":45,"column":8},"end":{"line":45,"column":64}},"20":{"start":{"line":47,"column":6},"end":{"line":47,"column":16}},"21":{"start":{"line":52,"column":0},"end":{"line":52,"column":20}}},"fnMap":{"0":{"name":"(anonymous_0)","decl":{"start":{"line":34,"column":13},"end":{"line":34,"column":14}},"loc":{"start":{"line":34,"column":33},"end":{"line":36,"column":1}},"line":34},"1":{"name":"(anonymous_1)","decl":{"start":{"line":38,"column":8},"end":{"line":38,"column":9}},"loc":{"start":{"line":38,"column":33},"end":{"line":48,"column":1}},"line":38}},"branchMap":{"0":{"loc":{"start":{"line":41,"column":4},"end":{"line":46,"column":5}},"type":"if","locations":[{"start":{"line":41,"column":4},"end":{"line":46,"column":5}},{"start":{"line":42,"column":9},"end":{"line":46,"column":5}}],"line":41}},"s":{"0":5,"1":5,"2":5,"3":5,"4":5,"5":5,"6":5,"7":5,"8":5,"9":5,"10":5,"11":5,"12":1,"13":5,"14":23,"15":23,"16":22,"17":1,"18":1,"19":1,"20":22,"21":5},"f":{"0":1,"1":23},"b":{"0":[22,1]},"_coverageSchema":"1a1c01bbd47fc00a2c39e90264f33305004495a9","hash":"5647ce97fadefa0faaec2c9ec0792c5d752c482a"}
,"C:\\Users\\xlan6\\Desktop\\weather-api\\src\\config\\middlewares.js": {"path":"C:\\Users\\xlan6\\Desktop\\weather-api\\src\\config\\middlewares.js","statementMap":{"0":{"start":{"line":1,"column":20},"end":{"line":1,"column":42}},"1":{"start":{"line":3,"column":0},"end":{"line":5,"column":1}},"2":{"start":{"line":4,"column":4},"end":{"line":4,"column":30}}},"fnMap":{"0":{"name":"(anonymous_0)","decl":{"start":{"line":3,"column":17},"end":{"line":3,"column":18}},"loc":{"start":{"line":3,"column":26},"end":{"line":5,"column":1}},"line":3}},"branchMap":{},"s":{"0":5,"1":5,"2":5},"f":{"0":5},"b":{},"_coverageSchema":"1a1c01bbd47fc00a2c39e90264f33305004495a9","hash":"1bd252ae77135be6559f86700b348aba8defd1e7"}
,"C:\\Users\\xlan6\\Desktop\\weather-api\\src\\config\\passport.js": {"path":"C:\\Users\\xlan6\\Desktop\\weather-api\\src\\config\\passport.js","statementMap":{"0":{"start":{"line":1,"column":17},"end":{"line":1,"column":36}},"1":{"start":{"line":2,"column":20},"end":{"line":2,"column":43}},"2":{"start":{"line":3,"column":15},"end":{"line":3,"column":58}},"3":{"start":{"line":5,"column":33},"end":{"line":5,"column":44}},"4":{"start":{"line":7,"column":0},"end":{"line":26,"column":2}},"5":{"start":{"line":8,"column":17},"end":{"line":11,"column":3}},"6":{"start":{"line":13,"column":19},"end":{"line":19,"column":4}},"7":{"start":{"line":14,"column":4},"end":{"line":18,"column":42}},"8":{"start":{"line":16,"column":8},"end":{"line":17,"column":31}},"9":{"start":{"line":16,"column":18},"end":{"line":16,"column":45}},"10":{"start":{"line":17,"column":13},"end":{"line":17,"column":31}},"11":{"start":{"line":18,"column":24},"end":{"line":18,"column":40}},"12":{"start":{"line":21,"column":2},"end":{"line":21,"column":25}},"13":{"start":{"line":23,"column":2},"end":{"line":25,"column":4}},"14":{"start":{"line":24,"column":24},"end":{"line":24,"column":72}}},"fnMap":{"0":{"name":"(anonymous_0)","decl":{"start":{"line":7,"column":17},"end":{"line":7,"column":18}},"loc":{"start":{"line":7,"column":26},"end":{"line":26,"column":1}},"line":7},"1":{"name":"(anonymous_1)","decl":{"start":{"line":13,"column":40},"end":{"line":13,"column":41}},"loc":{"start":{"line":13,"column":59},"end":{"line":19,"column":3}},"line":13},"2":{"name":"(anonymous_2)","decl":{"start":{"line":15,"column":12},"end":{"line":15,"column":13}},"loc":{"start":{"line":15,"column":22},"end":{"line":18,"column":7}},"line":15},"3":{"name":"(anonymous_3)","decl":{"start":{"line":18,"column":15},"end":{"line":18,"column":16}},"loc":{"start":{"line":18,"column":24},"end":{"line":18,"column":40}},"line":18},"4":{"name":"(anonymous_4)","decl":{"start":{"line":24,"column":18},"end":{"line":24,"column":19}},"loc":{"start":{"line":24,"column":24},"end":{"line":24,"column":72}},"line":24}},"branchMap":{"0":{"loc":{"start":{"line":16,"column":8},"end":{"line":17,"column":31}},"type":"if","locations":[{"start":{"line":16,"column":8},"end":{"line":17,"column":31}},{"start":{"line":17,"column":13},"end":{"line":17,"column":31}}],"line":16}},"s":{"0":5,"1":5,"2":5,"3":5,"4":5,"5":5,"6":5,"7":11,"8":11,"9":11,"10":0,"11":0,"12":5,"13":5,"14":5},"f":{"0":5,"1":11,"2":11,"3":0,"4":5},"b":{"0":[11,0]},"_coverageSchema":"1a1c01bbd47fc00a2c39e90264f33305004495a9","hash":"5357a4b6ef6d35ad83d59936a603358f9cd92723"}
,"C:\\Users\\xlan6\\Desktop\\weather-api\\src\\config\\router.js": {"path":"C:\\Users\\xlan6\\Desktop\\weather-api\\src\\config\\router.js","statementMap":{"0":{"start":{"line":1,"column":16},"end":{"line":1,"column":34}},"1":{"start":{"line":3,"column":0},"end":{"line":13,"column":1}},"2":{"start":{"line":4,"column":4},"end":{"line":4,"column":51}},"3":{"start":{"line":5,"column":4},"end":{"line":5,"column":41}},"4":{"start":{"line":6,"column":4},"end":{"line":6,"column":39}},"5":{"start":{"line":8,"column":25},"end":{"line":8,"column":41}},"6":{"start":{"line":10,"column":4},"end":{"line":10,"column":48}},"7":{"start":{"line":12,"column":4},"end":{"line":12,"column":68}}},"fnMap":{"0":{"name":"(anonymous_0)","decl":{"start":{"line":3,"column":17},"end":{"line":3,"column":18}},"loc":{"start":{"line":3,"column":26},"end":{"line":13,"column":1}},"line":3}},"branchMap":{},"s":{"0":5,"1":5,"2":5,"3":5,"4":5,"5":5,"6":5,"7":5},"f":{"0":5},"b":{},"_coverageSchema":"1a1c01bbd47fc00a2c39e90264f33305004495a9","hash":"54b2cb136fc8a8d7143cc659141b02b863675a3f"}
,"C:\\Users\\xlan6\\Desktop\\weather-api\\src\\config\\smtp.js": {"path":"C:\\Users\\xlan6\\Desktop\\weather-api\\src\\config\\smtp.js","statementMap":{"0":{"start":{"line":1,"column":0},"end":{"line":7,"column":1}}},"fnMap":{},"branchMap":{},"s":{"0":5},"f":{},"b":{},"_coverageSchema":"1a1c01bbd47fc00a2c39e90264f33305004495a9","hash":"9cb1908f01e90bb8c20912fc2178f66133bb0862"}
,"C:\\Users\\xlan6\\Desktop\\weather-api\\src\\errors\\validationError.js": {"path":"C:\\Users\\xlan6\\Desktop\\weather-api\\src\\errors\\validationError.js","statementMap":{"0":{"start":{"line":1,"column":0},"end":{"line":4,"column":1}},"1":{"start":{"line":2,"column":4},"end":{"line":2,"column":33}},"2":{"start":{"line":3,"column":4},"end":{"line":3,"column":26}}},"fnMap":{"0":{"name":"validationError","decl":{"start":{"line":1,"column":26},"end":{"line":1,"column":41}},"loc":{"start":{"line":1,"column":51},"end":{"line":4,"column":1}},"line":1}},"branchMap":{},"s":{"0":5,"1":22,"2":22},"f":{"0":22},"b":{},"_coverageSchema":"1a1c01bbd47fc00a2c39e90264f33305004495a9","hash":"88dae5a887074875c676b2fa050ae700985e5f64"}
,"C:\\Users\\xlan6\\Desktop\\weather-api\\src\\routes\\auths.js": {"path":"C:\\Users\\xlan6\\Desktop\\weather-api\\src\\routes\\auths.js","statementMap":{"0":{"start":{"line":1,"column":16},"end":{"line":1,"column":34}},"1":{"start":{"line":2,"column":12},"end":{"line":2,"column":35}},"2":{"start":{"line":3,"column":15},"end":{"line":3,"column":39}},"3":{"start":{"line":4,"column":24},"end":{"line":4,"column":60}},"4":{"start":{"line":5,"column":15},"end":{"line":5,"column":58}},"5":{"start":{"line":6,"column":17},"end":{"line":6,"column":34}},"6":{"start":{"line":7,"column":19},"end":{"line":7,"column":40}},"7":{"start":{"line":8,"column":20},"end":{"line":8,"column":45}},"8":{"start":{"line":10,"column":0},"end":{"line":85,"column":1}},"9":{"start":{"line":11,"column":19},"end":{"line":11,"column":35}},"10":{"start":{"line":12,"column":24},"end":{"line":18,"column":6}},"11":{"start":{"line":20,"column":4},"end":{"line":34,"column":6}},"12":{"start":{"line":21,"column":8},"end":{"line":33,"column":44}},"13":{"start":{"line":23,"column":16},"end":{"line":23,"column":77}},"14":{"start":{"line":23,"column":26},"end":{"line":23,"column":77}},"15":{"start":{"line":24,"column":16},"end":{"line":32,"column":74}},"16":{"start":{"line":25,"column":37},"end":{"line":25,"column":43}},"17":{"start":{"line":27,"column":34},"end":{"line":27,"column":70}},"18":{"start":{"line":28,"column":34},"end":{"line":28,"column":44}},"19":{"start":{"line":30,"column":20},"end":{"line":30,"column":58}},"20":{"start":{"line":32,"column":22},"end":{"line":32,"column":74}},"21":{"start":{"line":33,"column":32},"end":{"line":33,"column":43}},"22":{"start":{"line":36,"column":4},"end":{"line":42,"column":6}},"23":{"start":{"line":37,"column":8},"end":{"line":41,"column":36}},"24":{"start":{"line":38,"column":27},"end":{"line":38,"column":67}},"25":{"start":{"line":39,"column":12},"end":{"line":39,"column":50}},"26":{"start":{"line":41,"column":23},"end":{"line":41,"column":34}},"27":{"start":{"line":44,"column":4},"end":{"line":63,"column":6}},"28":{"start":{"line":45,"column":8},"end":{"line":61,"column":9}},"29":{"start":{"line":46,"column":27},"end":{"line":46,"column":63}},"30":{"start":{"line":48,"column":28},"end":{"line":48,"column":98}},"31":{"start":{"line":49,"column":12},"end":{"line":49,"column":85}},"32":{"start":{"line":49,"column":24},"end":{"line":49,"column":85}},"33":{"start":{"line":51,"column":12},"end":{"line":56,"column":40}},"34":{"start":{"line":52,"column":31},"end":{"line":52,"column":91}},"35":{"start":{"line":53,"column":16},"end":{"line":53,"column":84}},"36":{"start":{"line":54,"column":16},"end":{"line":54,"column":80}},"37":{"start":{"line":56,"column":27},"end":{"line":56,"column":38}},"38":{"start":{"line":60,"column":12},"end":{"line":60,"column":68}},"39":{"start":{"line":65,"column":4},"end":{"line":82,"column":6}},"40":{"start":{"line":66,"column":8},"end":{"line":81,"column":14}},"41":{"start":{"line":68,"column":16},"end":{"line":75,"column":18}},"42":{"start":{"line":74,"column":20},"end":{"line":74,"column":62}},"43":{"start":{"line":74,"column":30},"end":{"line":74,"column":62}},"44":{"start":{"line":77,"column":33},"end":{"line":77,"column":39}},"45":{"start":{"line":78,"column":30},"end":{"line":78,"column":87}},"46":{"start":{"line":80,"column":16},"end":{"line":80,"column":47}},"47":{"start":{"line":84,"column":4},"end":{"line":84,"column":17}}},"fnMap":{"0":{"name":"(anonymous_0)","decl":{"start":{"line":10,"column":17},"end":{"line":10,"column":18}},"loc":{"start":{"line":10,"column":26},"end":{"line":85,"column":1}},"line":10},"1":{"name":"(anonymous_1)","decl":{"start":{"line":20,"column":27},"end":{"line":20,"column":28}},"loc":{"start":{"line":20,"column":47},"end":{"line":34,"column":5}},"line":20},"2":{"name":"(anonymous_2)","decl":{"start":{"line":22,"column":18},"end":{"line":22,"column":19}},"loc":{"start":{"line":22,"column":28},"end":{"line":33,"column":13}},"line":22},"3":{"name":"(anonymous_3)","decl":{"start":{"line":33,"column":21},"end":{"line":33,"column":22}},"loc":{"start":{"line":33,"column":32},"end":{"line":33,"column":43}},"line":33},"4":{"name":"(anonymous_4)","decl":{"start":{"line":36,"column":27},"end":{"line":36,"column":28}},"loc":{"start":{"line":36,"column":53},"end":{"line":42,"column":5}},"line":36},"5":{"name":"(anonymous_5)","decl":{"start":{"line":44,"column":39},"end":{"line":44,"column":40}},"loc":{"start":{"line":44,"column":65},"end":{"line":63,"column":5}},"line":44},"6":{"name":"(anonymous_6)","decl":{"start":{"line":65,"column":28},"end":{"line":65,"column":29}},"loc":{"start":{"line":65,"column":48},"end":{"line":82,"column":5}},"line":65},"7":{"name":"(anonymous_7)","decl":{"start":{"line":67,"column":18},"end":{"line":67,"column":19}},"loc":{"start":{"line":67,"column":28},"end":{"line":81,"column":13}},"line":67},"8":{"name":"(anonymous_8)","decl":{"start":{"line":73,"column":19},"end":{"line":73,"column":20}},"loc":{"start":{"line":73,"column":30},"end":{"line":75,"column":17}},"line":73}},"branchMap":{"0":{"loc":{"start":{"line":23,"column":16},"end":{"line":23,"column":77}},"type":"if","locations":[{"start":{"line":23,"column":16},"end":{"line":23,"column":77}},{"start":{},"end":{}}],"line":23},"1":{"loc":{"start":{"line":24,"column":16},"end":{"line":32,"column":74}},"type":"if","locations":[{"start":{"line":24,"column":16},"end":{"line":32,"column":74}},{"start":{"line":32,"column":22},"end":{"line":32,"column":74}}],"line":24},"2":{"loc":{"start":{"line":49,"column":12},"end":{"line":49,"column":85}},"type":"if","locations":[{"start":{"line":49,"column":12},"end":{"line":49,"column":85}},{"start":{},"end":{}}],"line":49},"3":{"loc":{"start":{"line":74,"column":20},"end":{"line":74,"column":62}},"type":"if","locations":[{"start":{"line":74,"column":20},"end":{"line":74,"column":62}},{"start":{},"end":{}}],"line":74}},"s":{"0":5,"1":5,"2":5,"3":5,"4":5,"5":5,"6":5,"7":5,"8":5,"9":5,"10":5,"11":5,"12":5,"13":5,"14":1,"15":4,"16":3,"17":3,"18":3,"19":3,"20":1,"21":2,"22":5,"23":5,"24":5,"25":1,"26":4,"27":5,"28":5,"29":5,"30":3,"31":3,"32":1,"33":3,"34":3,"35":3,"36":3,"37":1,"38":2,"39":5,"40":1,"41":1,"42":0,"43":0,"44":1,"45":1,"46":1,"47":5},"f":{"0":5,"1":5,"2":5,"3":2,"4":5,"5":5,"6":1,"7":1,"8":0},"b":{"0":[1,4],"1":[3,1],"2":[1,2],"3":[0,0]},"_coverageSchema":"1a1c01bbd47fc00a2c39e90264f33305004495a9","hash":"071d7727bf2b1ddd8956ccd82f46c4c6f1dec12c"}
,"C:\\Users\\xlan6\\Desktop\\weather-api\\src\\routes\\subscribes.js": {"path":"C:\\Users\\xlan6\\Desktop\\weather-api\\src\\routes\\subscribes.js","statementMap":{"0":{"start":{"line":1,"column":16},"end":{"line":1,"column":34}},"1":{"start":{"line":3,"column":0},"end":{"line":36,"column":1}},"2":{"start":{"line":4,"column":19},"end":{"line":4,"column":35}},"3":{"start":{"line":6,"column":4},"end":{"line":10,"column":6}},"4":{"start":{"line":7,"column":8},"end":{"line":9,"column":42}},"5":{"start":{"line":8,"column":30},"end":{"line":8,"column":58}},"6":{"start":{"line":9,"column":30},"end":{"line":9,"column":41}},"7":{"start":{"line":13,"column":4},"end":{"line":19,"column":6}},"8":{"start":{"line":14,"column":8},"end":{"line":18,"column":36}},"9":{"start":{"line":15,"column":27},"end":{"line":15,"column":72}},"10":{"start":{"line":16,"column":12},"end":{"line":16,"column":51}},"11":{"start":{"line":18,"column":23},"end":{"line":18,"column":34}},"12":{"start":{"line":22,"column":4},"end":{"line":26,"column":6}},"13":{"start":{"line":23,"column":8},"end":{"line":25,"column":42}},"14":{"start":{"line":24,"column":30},"end":{"line":24,"column":58}},"15":{"start":{"line":25,"column":30},"end":{"line":25,"column":41}},"16":{"start":{"line":29,"column":4},"end":{"line":33,"column":6}},"17":{"start":{"line":30,"column":8},"end":{"line":32,"column":42}},"18":{"start":{"line":31,"column":30},"end":{"line":31,"column":58}},"19":{"start":{"line":32,"column":30},"end":{"line":32,"column":41}},"20":{"start":{"line":35,"column":4},"end":{"line":35,"column":17}}},"fnMap":{"0":{"name":"(anonymous_0)","decl":{"start":{"line":3,"column":17},"end":{"line":3,"column":18}},"loc":{"start":{"line":3,"column":26},"end":{"line":36,"column":1}},"line":3},"1":{"name":"(anonymous_1)","decl":{"start":{"line":6,"column":20},"end":{"line":6,"column":21}},"loc":{"start":{"line":6,"column":40},"end":{"line":10,"column":5}},"line":6},"2":{"name":"(anonymous_2)","decl":{"start":{"line":8,"column":18},"end":{"line":8,"column":19}},"loc":{"start":{"line":8,"column":30},"end":{"line":8,"column":58}},"line":8},"3":{"name":"(anonymous_3)","decl":{"start":{"line":9,"column":19},"end":{"line":9,"column":20}},"loc":{"start":{"line":9,"column":30},"end":{"line":9,"column":41}},"line":9},"4":{"name":"(anonymous_4)","decl":{"start":{"line":13,"column":21},"end":{"line":13,"column":22}},"loc":{"start":{"line":13,"column":47},"end":{"line":19,"column":5}},"line":13},"5":{"name":"(anonymous_5)","decl":{"start":{"line":22,"column":26},"end":{"line":22,"column":27}},"loc":{"start":{"line":22,"column":46},"end":{"line":26,"column":5}},"line":22},"6":{"name":"(anonymous_6)","decl":{"start":{"line":24,"column":18},"end":{"line":24,"column":19}},"loc":{"start":{"line":24,"column":30},"end":{"line":24,"column":58}},"line":24},"7":{"name":"(anonymous_7)","decl":{"start":{"line":25,"column":19},"end":{"line":25,"column":20}},"loc":{"start":{"line":25,"column":30},"end":{"line":25,"column":41}},"line":25},"8":{"name":"(anonymous_8)","decl":{"start":{"line":29,"column":29},"end":{"line":29,"column":30}},"loc":{"start":{"line":29,"column":49},"end":{"line":33,"column":5}},"line":29},"9":{"name":"(anonymous_9)","decl":{"start":{"line":31,"column":18},"end":{"line":31,"column":19}},"loc":{"start":{"line":31,"column":30},"end":{"line":31,"column":58}},"line":31},"10":{"name":"(anonymous_10)","decl":{"start":{"line":32,"column":19},"end":{"line":32,"column":20}},"loc":{"start":{"line":32,"column":30},"end":{"line":32,"column":41}},"line":32}},"branchMap":{},"s":{"0":5,"1":5,"2":5,"3":5,"4":1,"5":1,"6":0,"7":5,"8":4,"9":4,"10":1,"11":3,"12":5,"13":1,"14":1,"15":0,"16":5,"17":1,"18":1,"19":0,"20":5},"f":{"0":5,"1":1,"2":1,"3":0,"4":4,"5":1,"6":1,"7":0,"8":1,"9":1,"10":0},"b":{},"_coverageSchema":"1a1c01bbd47fc00a2c39e90264f33305004495a9","hash":"50efa408e64f6e31ca69fdcd4dd4a59d556778d4"}
,"C:\\Users\\xlan6\\Desktop\\weather-api\\src\\routes\\users.js": {"path":"C:\\Users\\xlan6\\Desktop\\weather-api\\src\\routes\\users.js","statementMap":{"0":{"start":{"line":1,"column":16},"end":{"line":1,"column":34}},"1":{"start":{"line":2,"column":15},"end":{"line":2,"column":58}},"2":{"start":{"line":3,"column":12},"end":{"line":3,"column":35}},"3":{"start":{"line":5,"column":0},"end":{"line":50,"column":1}},"4":{"start":{"line":6,"column":19},"end":{"line":6,"column":35}},"5":{"start":{"line":8,"column":4},"end":{"line":12,"column":6}},"6":{"start":{"line":9,"column":8},"end":{"line":11,"column":42}},"7":{"start":{"line":10,"column":30},"end":{"line":10,"column":58}},"8":{"start":{"line":11,"column":30},"end":{"line":11,"column":41}},"9":{"start":{"line":14,"column":4},"end":{"line":20,"column":6}},"10":{"start":{"line":15,"column":8},"end":{"line":19,"column":36}},"11":{"start":{"line":16,"column":27},"end":{"line":16,"column":67}},"12":{"start":{"line":17,"column":12},"end":{"line":17,"column":50}},"13":{"start":{"line":19,"column":23},"end":{"line":19,"column":34}},"14":{"start":{"line":22,"column":4},"end":{"line":35,"column":6}},"15":{"start":{"line":23,"column":29},"end":{"line":23,"column":57}},"16":{"start":{"line":24,"column":23},"end":{"line":24,"column":46}},"17":{"start":{"line":25,"column":28},"end":{"line":25,"column":37}},"18":{"start":{"line":27,"column":8},"end":{"line":33,"column":36}},"19":{"start":{"line":28,"column":27},"end":{"line":28,"column":58}},"20":{"start":{"line":30,"column":25},"end":{"line":30,"column":80}},"21":{"start":{"line":31,"column":12},"end":{"line":31,"column":49}},"22":{"start":{"line":33,"column":23},"end":{"line":33,"column":34}},"23":{"start":{"line":37,"column":4},"end":{"line":41,"column":6}},"24":{"start":{"line":38,"column":8},"end":{"line":40,"column":42}},"25":{"start":{"line":39,"column":30},"end":{"line":39,"column":58}},"26":{"start":{"line":40,"column":30},"end":{"line":40,"column":41}},"27":{"start":{"line":43,"column":4},"end":{"line":47,"column":6}},"28":{"start":{"line":44,"column":8},"end":{"line":46,"column":42}},"29":{"start":{"line":45,"column":30},"end":{"line":45,"column":58}},"30":{"start":{"line":46,"column":30},"end":{"line":46,"column":41}},"31":{"start":{"line":49,"column":4},"end":{"line":49,"column":17}}},"fnMap":{"0":{"name":"(anonymous_0)","decl":{"start":{"line":5,"column":17},"end":{"line":5,"column":18}},"loc":{"start":{"line":5,"column":26},"end":{"line":50,"column":1}},"line":5},"1":{"name":"(anonymous_1)","decl":{"start":{"line":8,"column":20},"end":{"line":8,"column":21}},"loc":{"start":{"line":8,"column":40},"end":{"line":12,"column":5}},"line":8},"2":{"name":"(anonymous_2)","decl":{"start":{"line":10,"column":18},"end":{"line":10,"column":19}},"loc":{"start":{"line":10,"column":30},"end":{"line":10,"column":58}},"line":10},"3":{"name":"(anonymous_3)","decl":{"start":{"line":11,"column":19},"end":{"line":11,"column":20}},"loc":{"start":{"line":11,"column":30},"end":{"line":11,"column":41}},"line":11},"4":{"name":"(anonymous_4)","decl":{"start":{"line":14,"column":21},"end":{"line":14,"column":22}},"loc":{"start":{"line":14,"column":47},"end":{"line":20,"column":5}},"line":14},"5":{"name":"(anonymous_5)","decl":{"start":{"line":22,"column":23},"end":{"line":22,"column":24}},"loc":{"start":{"line":22,"column":49},"end":{"line":35,"column":5}},"line":22},"6":{"name":"(anonymous_6)","decl":{"start":{"line":37,"column":26},"end":{"line":37,"column":27}},"loc":{"start":{"line":37,"column":46},"end":{"line":41,"column":5}},"line":37},"7":{"name":"(anonymous_7)","decl":{"start":{"line":39,"column":18},"end":{"line":39,"column":19}},"loc":{"start":{"line":39,"column":30},"end":{"line":39,"column":58}},"line":39},"8":{"name":"(anonymous_8)","decl":{"start":{"line":40,"column":19},"end":{"line":40,"column":20}},"loc":{"start":{"line":40,"column":30},"end":{"line":40,"column":41}},"line":40},"9":{"name":"(anonymous_9)","decl":{"start":{"line":43,"column":29},"end":{"line":43,"column":30}},"loc":{"start":{"line":43,"column":55},"end":{"line":47,"column":5}},"line":43},"10":{"name":"(anonymous_10)","decl":{"start":{"line":45,"column":18},"end":{"line":45,"column":19}},"loc":{"start":{"line":45,"column":30},"end":{"line":45,"column":58}},"line":45},"11":{"name":"(anonymous_11)","decl":{"start":{"line":46,"column":19},"end":{"line":46,"column":20}},"loc":{"start":{"line":46,"column":30},"end":{"line":46,"column":41}},"line":46}},"branchMap":{},"s":{"0":5,"1":5,"2":5,"3":5,"4":5,"5":5,"6":1,"7":1,"8":0,"9":5,"10":6,"11":6,"12":1,"13":5,"14":5,"15":1,"16":1,"17":1,"18":1,"19":1,"20":1,"21":1,"22":0,"23":5,"24":2,"25":2,"26":0,"27":5,"28":1,"29":1,"30":0,"31":5},"f":{"0":5,"1":1,"2":1,"3":0,"4":6,"5":1,"6":2,"7":2,"8":0,"9":1,"10":1,"11":0},"b":{},"_coverageSchema":"1a1c01bbd47fc00a2c39e90264f33305004495a9","hash":"1d327de5aa10e432335e85339cc6df01f3a364dc"}
,"C:\\Users\\xlan6\\Desktop\\weather-api\\src\\routes\\weathers.js": {"path":"C:\\Users\\xlan6\\Desktop\\weather-api\\src\\routes\\weathers.js","statementMap":{"0":{"start":{"line":1,"column":16},"end":{"line":1,"column":34}},"1":{"start":{"line":3,"column":0},"end":{"line":19,"column":1}},"2":{"start":{"line":4,"column":19},"end":{"line":4,"column":35}},"3":{"start":{"line":6,"column":4},"end":{"line":10,"column":6}},"4":{"start":{"line":7,"column":8},"end":{"line":9,"column":43}},"5":{"start":{"line":8,"column":30},"end":{"line":8,"column":58}},"6":{"start":{"line":9,"column":30},"end":{"line":9,"column":41}},"7":{"start":{"line":12,"column":4},"end":{"line":16,"column":6}},"8":{"start":{"line":13,"column":8},"end":{"line":15,"column":43}},"9":{"start":{"line":14,"column":30},"end":{"line":14,"column":58}},"10":{"start":{"line":15,"column":30},"end":{"line":15,"column":41}},"11":{"start":{"line":18,"column":4},"end":{"line":18,"column":17}}},"fnMap":{"0":{"name":"(anonymous_0)","decl":{"start":{"line":3,"column":17},"end":{"line":3,"column":18}},"loc":{"start":{"line":3,"column":26},"end":{"line":19,"column":1}},"line":3},"1":{"name":"(anonymous_1)","decl":{"start":{"line":6,"column":28},"end":{"line":6,"column":29}},"loc":{"start":{"line":6,"column":48},"end":{"line":10,"column":5}},"line":6},"2":{"name":"(anonymous_2)","decl":{"start":{"line":8,"column":18},"end":{"line":8,"column":19}},"loc":{"start":{"line":8,"column":30},"end":{"line":8,"column":58}},"line":8},"3":{"name":"(anonymous_3)","decl":{"start":{"line":9,"column":19},"end":{"line":9,"column":20}},"loc":{"start":{"line":9,"column":30},"end":{"line":9,"column":41}},"line":9},"4":{"name":"(anonymous_4)","decl":{"start":{"line":12,"column":20},"end":{"line":12,"column":21}},"loc":{"start":{"line":12,"column":40},"end":{"line":16,"column":5}},"line":12},"5":{"name":"(anonymous_5)","decl":{"start":{"line":14,"column":18},"end":{"line":14,"column":19}},"loc":{"start":{"line":14,"column":30},"end":{"line":14,"column":58}},"line":14},"6":{"name":"(anonymous_6)","decl":{"start":{"line":15,"column":19},"end":{"line":15,"column":20}},"loc":{"start":{"line":15,"column":30},"end":{"line":15,"column":41}},"line":15}},"branchMap":{},"s":{"0":5,"1":5,"2":5,"3":5,"4":4,"5":2,"6":2,"7":5,"8":8,"9":2,"10":6,"11":5},"f":{"0":5,"1":4,"2":2,"3":2,"4":8,"5":2,"6":6},"b":{},"_coverageSchema":"1a1c01bbd47fc00a2c39e90264f33305004495a9","hash":"1925017d161a726f236ea049601916dcbacdb9c1"}
,"C:\\Users\\xlan6\\Desktop\\weather-api\\src\\services\\nodemailer.js": {"path":"C:\\Users\\xlan6\\Desktop\\weather-api\\src\\services\\nodemailer.js","statementMap":{"0":{"start":{"line":1,"column":12},"end":{"line":1,"column":35}},"1":{"start":{"line":2,"column":15},"end":{"line":2,"column":58}},"2":{"start":{"line":4,"column":0},"end":{"line":30,"column":1}},"3":{"start":{"line":6,"column":25},"end":{"line":27,"column":5}},"4":{"start":{"line":7,"column":24},"end":{"line":7,"column":49}},"5":{"start":{"line":9,"column":8},"end":{"line":15,"column":9}},"6":{"start":{"line":10,"column":12},"end":{"line":14,"column":51}},"7":{"start":{"line":12,"column":20},"end":{"line":12,"column":33}},"8":{"start":{"line":14,"column":36},"end":{"line":14,"column":48}},"9":{"start":{"line":17,"column":8},"end":{"line":24,"column":9}},"10":{"start":{"line":18,"column":12},"end":{"line":22,"column":51}},"11":{"start":{"line":20,"column":20},"end":{"line":20,"column":33}},"12":{"start":{"line":22,"column":36},"end":{"line":22,"column":48}},"13":{"start":{"line":29,"column":4},"end":{"line":29,"column":27}}},"fnMap":{"0":{"name":"(anonymous_0)","decl":{"start":{"line":4,"column":17},"end":{"line":4,"column":18}},"loc":{"start":{"line":4,"column":26},"end":{"line":30,"column":1}},"line":4},"1":{"name":"(anonymous_1)","decl":{"start":{"line":6,"column":25},"end":{"line":6,"column":26}},"loc":{"start":{"line":6,"column":36},"end":{"line":27,"column":5}},"line":6},"2":{"name":"(anonymous_2)","decl":{"start":{"line":11,"column":22},"end":{"line":11,"column":23}},"loc":{"start":{"line":11,"column":34},"end":{"line":13,"column":17}},"line":11},"3":{"name":"(anonymous_3)","decl":{"start":{"line":14,"column":23},"end":{"line":14,"column":24}},"loc":{"start":{"line":14,"column":34},"end":{"line":14,"column":50}},"line":14},"4":{"name":"(anonymous_4)","decl":{"start":{"line":19,"column":22},"end":{"line":19,"column":23}},"loc":{"start":{"line":19,"column":34},"end":{"line":21,"column":17}},"line":19},"5":{"name":"(anonymous_5)","decl":{"start":{"line":22,"column":23},"end":{"line":22,"column":24}},"loc":{"start":{"line":22,"column":34},"end":{"line":22,"column":50}},"line":22}},"branchMap":{"0":{"loc":{"start":{"line":9,"column":8},"end":{"line":15,"column":9}},"type":"if","locations":[{"start":{"line":9,"column":8},"end":{"line":15,"column":9}},{"start":{},"end":{}}],"line":9},"1":{"loc":{"start":{"line":17,"column":8},"end":{"line":24,"column":9}},"type":"if","locations":[{"start":{"line":17,"column":8},"end":{"line":24,"column":9}},{"start":{},"end":{}}],"line":17}},"s":{"0":5,"1":5,"2":5,"3":5,"4":3,"5":3,"6":2,"7":2,"8":0,"9":3,"10":1,"11":1,"12":0,"13":5},"f":{"0":5,"1":3,"2":2,"3":0,"4":1,"5":0},"b":{"0":[2,1],"1":[1,2]},"_coverageSchema":"1a1c01bbd47fc00a2c39e90264f33305004495a9","hash":"7f1a1419bb4a1e805baf333e020d92ab5a40b5ae"}
,"C:\\Users\\xlan6\\Desktop\\weather-api\\src\\services\\subscribe.js": {"path":"C:\\Users\\xlan6\\Desktop\\weather-api\\src\\services\\subscribe.js","statementMap":{"0":{"start":{"line":1,"column":24},"end":{"line":1,"column":60}},"1":{"start":{"line":2,"column":19},"end":{"line":2,"column":40}},"2":{"start":{"line":3,"column":20},"end":{"line":3,"column":45}},"3":{"start":{"line":4,"column":12},"end":{"line":4,"column":35}},"4":{"start":{"line":5,"column":15},"end":{"line":5,"column":58}},"5":{"start":{"line":6,"column":17},"end":{"line":6,"column":34}},"6":{"start":{"line":8,"column":0},"end":{"line":66,"column":1}},"7":{"start":{"line":10,"column":24},"end":{"line":16,"column":6}},"8":{"start":{"line":18,"column":20},"end":{"line":20,"column":5}},"9":{"start":{"line":19,"column":8},"end":{"line":19,"column":61}},"10":{"start":{"line":22,"column":20},"end":{"line":24,"column":5}},"11":{"start":{"line":23,"column":8},"end":{"line":23,"column":61}},"12":{"start":{"line":26,"column":19},"end":{"line":51,"column":5}},"13":{"start":{"line":27,"column":8},"end":{"line":27,"column":90}},"14":{"start":{"line":27,"column":32},"end":{"line":27,"column":90}},"15":{"start":{"line":28,"column":8},"end":{"line":28,"column":96}},"16":{"start":{"line":28,"column":35},"end":{"line":28,"column":96}},"17":{"start":{"line":30,"column":31},"end":{"line":30,"column":75}},"18":{"start":{"line":31,"column":8},"end":{"line":31,"column":129}},"19":{"start":{"line":31,"column":27},"end":{"line":31,"column":129}},"20":{"start":{"line":33,"column":25},"end":{"line":33,"column":31}},"21":{"start":{"line":34,"column":29},"end":{"line":34,"column":114}},"22":{"start":{"line":37,"column":8},"end":{"line":44,"column":10}},"23":{"start":{"line":43,"column":12},"end":{"line":43,"column":54}},"24":{"start":{"line":43,"column":22},"end":{"line":43,"column":54}},"25":{"start":{"line":47,"column":32},"end":{"line":47,"column":51}},"26":{"start":{"line":48,"column":8},"end":{"line":48,"column":38}},"27":{"start":{"line":50,"column":8},"end":{"line":50,"column":67}},"28":{"start":{"line":53,"column":19},"end":{"line":57,"column":5}},"29":{"start":{"line":54,"column":8},"end":{"line":56,"column":38}},"30":{"start":{"line":59,"column":19},"end":{"line":63,"column":5}},"31":{"start":{"line":60,"column":8},"end":{"line":62,"column":19}},"32":{"start":{"line":65,"column":4},"end":{"line":65,"column":55}}},"fnMap":{"0":{"name":"(anonymous_0)","decl":{"start":{"line":8,"column":17},"end":{"line":8,"column":18}},"loc":{"start":{"line":8,"column":26},"end":{"line":66,"column":1}},"line":8},"1":{"name":"(anonymous_1)","decl":{"start":{"line":18,"column":20},"end":{"line":18,"column":21}},"loc":{"start":{"line":18,"column":37},"end":{"line":20,"column":5}},"line":18},"2":{"name":"(anonymous_2)","decl":{"start":{"line":22,"column":20},"end":{"line":22,"column":21}},"loc":{"start":{"line":22,"column":37},"end":{"line":24,"column":5}},"line":22},"3":{"name":"(anonymous_3)","decl":{"start":{"line":26,"column":19},"end":{"line":26,"column":20}},"loc":{"start":{"line":26,"column":43},"end":{"line":51,"column":5}},"line":26},"4":{"name":"(anonymous_4)","decl":{"start":{"line":42,"column":11},"end":{"line":42,"column":12}},"loc":{"start":{"line":42,"column":22},"end":{"line":44,"column":9}},"line":42},"5":{"name":"(anonymous_5)","decl":{"start":{"line":53,"column":19},"end":{"line":53,"column":20}},"loc":{"start":{"line":53,"column":50},"end":{"line":57,"column":5}},"line":53},"6":{"name":"(anonymous_6)","decl":{"start":{"line":59,"column":19},"end":{"line":59,"column":20}},"loc":{"start":{"line":59,"column":30},"end":{"line":63,"column":5}},"line":59}},"branchMap":{"0":{"loc":{"start":{"line":18,"column":21},"end":{"line":18,"column":32}},"type":"default-arg","locations":[{"start":{"line":18,"column":30},"end":{"line":18,"column":32}}],"line":18},"1":{"loc":{"start":{"line":22,"column":21},"end":{"line":22,"column":32}},"type":"default-arg","locations":[{"start":{"line":22,"column":30},"end":{"line":22,"column":32}}],"line":22},"2":{"loc":{"start":{"line":27,"column":8},"end":{"line":27,"column":90}},"type":"if","locations":[{"start":{"line":27,"column":8},"end":{"line":27,"column":90}},{"start":{},"end":{}}],"line":27},"3":{"loc":{"start":{"line":28,"column":8},"end":{"line":28,"column":96}},"type":"if","locations":[{"start":{"line":28,"column":8},"end":{"line":28,"column":96}},{"start":{},"end":{}}],"line":28},"4":{"loc":{"start":{"line":31,"column":8},"end":{"line":31,"column":129}},"type":"if","locations":[{"start":{"line":31,"column":8},"end":{"line":31,"column":129}},{"start":{},"end":{}}],"line":31},"5":{"loc":{"start":{"line":43,"column":12},"end":{"line":43,"column":54}},"type":"if","locations":[{"start":{"line":43,"column":12},"end":{"line":43,"column":54}},{"start":{},"end":{}}],"line":43}},"s":{"0":5,"1":5,"2":5,"3":5,"4":5,"5":5,"6":5,"7":5,"8":5,"9":1,"10":5,"11":4,"12":5,"13":6,"14":1,"15":5,"16":1,"17":4,"18":4,"19":1,"20":3,"21":3,"22":3,"23":0,"24":0,"25":3,"26":3,"27":3,"28":5,"29":2,"30":5,"31":1,"32":5},"f":{"0":5,"1":1,"2":4,"3":6,"4":0,"5":2,"6":1},"b":{"0":[1],"1":[0],"2":[1,5],"3":[1,4],"4":[1,3],"5":[0,0]},"_coverageSchema":"1a1c01bbd47fc00a2c39e90264f33305004495a9","hash":"9003dec574d39c8777ebf68b67ca824651a577db"}
,"C:\\Users\\xlan6\\Desktop\\weather-api\\src\\services\\user.js": {"path":"C:\\Users\\xlan6\\Desktop\\weather-api\\src\\services\\user.js","statementMap":{"0":{"start":{"line":1,"column":15},"end":{"line":1,"column":39}},"1":{"start":{"line":2,"column":24},"end":{"line":2,"column":60}},"2":{"start":{"line":3,"column":19},"end":{"line":3,"column":40}},"3":{"start":{"line":4,"column":20},"end":{"line":4,"column":45}},"4":{"start":{"line":5,"column":12},"end":{"line":5,"column":35}},"5":{"start":{"line":6,"column":15},"end":{"line":6,"column":58}},"6":{"start":{"line":7,"column":17},"end":{"line":7,"column":34}},"7":{"start":{"line":10,"column":0},"end":{"line":82,"column":1}},"8":{"start":{"line":12,"column":24},"end":{"line":18,"column":6}},"9":{"start":{"line":20,"column":17},"end":{"line":22,"column":5}},"10":{"start":{"line":21,"column":8},"end":{"line":21,"column":40}},"11":{"start":{"line":24,"column":20},"end":{"line":26,"column":5}},"12":{"start":{"line":25,"column":8},"end":{"line":25,"column":53}},"13":{"start":{"line":28,"column":28},"end":{"line":31,"column":5}},"14":{"start":{"line":29,"column":21},"end":{"line":29,"column":43}},"15":{"start":{"line":30,"column":8},"end":{"line":30,"column":47}},"16":{"start":{"line":33,"column":19},"end":{"line":61,"column":5}},"17":{"start":{"line":34,"column":8},"end":{"line":34,"column":83}},"18":{"start":{"line":34,"column":25},"end":{"line":34,"column":83}},"19":{"start":{"line":35,"column":8},"end":{"line":35,"column":85}},"20":{"start":{"line":35,"column":28},"end":{"line":35,"column":85}},"21":{"start":{"line":36,"column":8},"end":{"line":36,"column":89}},"22":{"start":{"line":36,"column":28},"end":{"line":36,"column":89}},"23":{"start":{"line":37,"column":8},"end":{"line":37,"column":89}},"24":{"start":{"line":37,"column":28},"end":{"line":37,"column":89}},"25":{"start":{"line":39,"column":23},"end":{"line":39,"column":59}},"26":{"start":{"line":40,"column":8},"end":{"line":40,"column":74}},"27":{"start":{"line":40,"column":20},"end":{"line":40,"column":74}},"28":{"start":{"line":42,"column":25},"end":{"line":42,"column":31}},"29":{"start":{"line":43,"column":29},"end":{"line":43,"column":104}},"30":{"start":{"line":46,"column":8},"end":{"line":53,"column":10}},"31":{"start":{"line":52,"column":12},"end":{"line":52,"column":54}},"32":{"start":{"line":52,"column":22},"end":{"line":52,"column":54}},"33":{"start":{"line":55,"column":24},"end":{"line":55,"column":35}},"34":{"start":{"line":56,"column":8},"end":{"line":56,"column":30}},"35":{"start":{"line":57,"column":8},"end":{"line":57,"column":30}},"36":{"start":{"line":58,"column":8},"end":{"line":58,"column":57}},"37":{"start":{"line":60,"column":8},"end":{"line":60,"column":97}},"38":{"start":{"line":63,"column":19},"end":{"line":73,"column":5}},"39":{"start":{"line":64,"column":27},"end":{"line":64,"column":38}},"40":{"start":{"line":66,"column":8},"end":{"line":68,"column":9}},"41":{"start":{"line":67,"column":12},"end":{"line":67,"column":70}},"42":{"start":{"line":70,"column":8},"end":{"line":72,"column":36}},"43":{"start":{"line":75,"column":19},"end":{"line":79,"column":5}},"44":{"start":{"line":76,"column":8},"end":{"line":78,"column":19}},"45":{"start":{"line":81,"column":4},"end":{"line":81,"column":53}}},"fnMap":{"0":{"name":"(anonymous_0)","decl":{"start":{"line":10,"column":17},"end":{"line":10,"column":18}},"loc":{"start":{"line":10,"column":26},"end":{"line":82,"column":1}},"line":10},"1":{"name":"(anonymous_1)","decl":{"start":{"line":20,"column":17},"end":{"line":20,"column":18}},"loc":{"start":{"line":20,"column":23},"end":{"line":22,"column":5}},"line":20},"2":{"name":"(anonymous_2)","decl":{"start":{"line":24,"column":20},"end":{"line":24,"column":21}},"loc":{"start":{"line":24,"column":37},"end":{"line":26,"column":5}},"line":24},"3":{"name":"(anonymous_3)","decl":{"start":{"line":28,"column":28},"end":{"line":28,"column":29}},"loc":{"start":{"line":28,"column":42},"end":{"line":31,"column":5}},"line":28},"4":{"name":"(anonymous_4)","decl":{"start":{"line":33,"column":19},"end":{"line":33,"column":20}},"loc":{"start":{"line":33,"column":35},"end":{"line":61,"column":5}},"line":33},"5":{"name":"(anonymous_5)","decl":{"start":{"line":51,"column":11},"end":{"line":51,"column":12}},"loc":{"start":{"line":51,"column":22},"end":{"line":53,"column":9}},"line":51},"6":{"name":"(anonymous_6)","decl":{"start":{"line":63,"column":19},"end":{"line":63,"column":20}},"loc":{"start":{"line":63,"column":42},"end":{"line":73,"column":5}},"line":63},"7":{"name":"(anonymous_7)","decl":{"start":{"line":75,"column":19},"end":{"line":75,"column":20}},"loc":{"start":{"line":75,"column":30},"end":{"line":79,"column":5}},"line":75}},"branchMap":{"0":{"loc":{"start":{"line":24,"column":21},"end":{"line":24,"column":32}},"type":"default-arg","locations":[{"start":{"line":24,"column":30},"end":{"line":24,"column":32}}],"line":24},"1":{"loc":{"start":{"line":34,"column":8},"end":{"line":34,"column":83}},"type":"if","locations":[{"start":{"line":34,"column":8},"end":{"line":34,"column":83}},{"start":{},"end":{}}],"line":34},"2":{"loc":{"start":{"line":35,"column":8},"end":{"line":35,"column":85}},"type":"if","locations":[{"start":{"line":35,"column":8},"end":{"line":35,"column":85}},{"start":{},"end":{}}],"line":35},"3":{"loc":{"start":{"line":36,"column":8},"end":{"line":36,"column":89}},"type":"if","locations":[{"start":{"line":36,"column":8},"end":{"line":36,"column":89}},{"start":{},"end":{}}],"line":36},"4":{"loc":{"start":{"line":37,"column":8},"end":{"line":37,"column":89}},"type":"if","locations":[{"start":{"line":37,"column":8},"end":{"line":37,"column":89}},{"start":{},"end":{}}],"line":37},"5":{"loc":{"start":{"line":40,"column":8},"end":{"line":40,"column":74}},"type":"if","locations":[{"start":{"line":40,"column":8},"end":{"line":40,"column":74}},{"start":{},"end":{}}],"line":40},"6":{"loc":{"start":{"line":52,"column":12},"end":{"line":52,"column":54}},"type":"if","locations":[{"start":{"line":52,"column":12},"end":{"line":52,"column":54}},{"start":{},"end":{}}],"line":52},"7":{"loc":{"start":{"line":66,"column":8},"end":{"line":68,"column":9}},"type":"if","locations":[{"start":{"line":66,"column":8},"end":{"line":68,"column":9}},{"start":{},"end":{}}],"line":66}},"s":{"0":5,"1":5,"2":5,"3":5,"4":5,"5":5,"6":5,"7":5,"8":5,"9":5,"10":1,"11":5,"12":31,"13":5,"14":10,"15":10,"16":5,"17":18,"18":2,"19":16,"20":2,"21":14,"22":2,"23":12,"24":2,"25":10,"26":10,"27":1,"28":9,"29":9,"30":9,"31":0,"32":0,"33":9,"34":9,"35":9,"36":9,"37":9,"38":5,"39":4,"40":4,"41":1,"42":4,"43":5,"44":1,"45":5},"f":{"0":5,"1":1,"2":31,"3":10,"4":18,"5":0,"6":4,"7":1},"b":{"0":[0],"1":[2,16],"2":[2,14],"3":[2,12],"4":[2,10],"5":[1,9],"6":[0,0],"7":[1,3]},"_coverageSchema":"1a1c01bbd47fc00a2c39e90264f33305004495a9","hash":"d9c168aa25acabfb91e6856431d93f1b10dd74bd"}
,"C:\\Users\\xlan6\\Desktop\\weather-api\\src\\services\\weather.js": {"path":"C:\\Users\\xlan6\\Desktop\\weather-api\\src\\services\\weather.js","statementMap":{"0":{"start":{"line":1,"column":14},"end":{"line":1,"column":30}},"1":{"start":{"line":2,"column":24},"end":{"line":2,"column":60}},"2":{"start":{"line":4,"column":0},"end":{"line":79,"column":1}},"3":{"start":{"line":7,"column":25},"end":{"line":29,"column":5}},"4":{"start":{"line":8,"column":8},"end":{"line":8,"column":82}},"5":{"start":{"line":8,"column":24},"end":{"line":8,"column":82}},"6":{"start":{"line":9,"column":8},"end":{"line":9,"column":135}},"7":{"start":{"line":9,"column":51},"end":{"line":9,"column":135}},"8":{"start":{"line":10,"column":8},"end":{"line":10,"column":111}},"9":{"start":{"line":10,"column":50},"end":{"line":10,"column":111}},"10":{"start":{"line":11,"column":8},"end":{"line":11,"column":112}},"11":{"start":{"line":11,"column":50},"end":{"line":11,"column":112}},"12":{"start":{"line":13,"column":23},"end":{"line":13,"column":77}},"13":{"start":{"line":14,"column":8},"end":{"line":14,"column":114}},"14":{"start":{"line":14,"column":20},"end":{"line":14,"column":114}},"15":{"start":{"line":16,"column":8},"end":{"line":21,"column":9}},"16":{"start":{"line":17,"column":12},"end":{"line":20,"column":18}},"17":{"start":{"line":19,"column":20},"end":{"line":19,"column":30}},"18":{"start":{"line":23,"column":8},"end":{"line":28,"column":9}},"19":{"start":{"line":24,"column":12},"end":{"line":27,"column":18}},"20":{"start":{"line":26,"column":20},"end":{"line":26,"column":30}},"21":{"start":{"line":31,"column":19},"end":{"line":45,"column":5}},"22":{"start":{"line":32,"column":8},"end":{"line":37,"column":9}},"23":{"start":{"line":33,"column":12},"end":{"line":36,"column":18}},"24":{"start":{"line":35,"column":20},"end":{"line":35,"column":30}},"25":{"start":{"line":39,"column":8},"end":{"line":44,"column":9}},"26":{"start":{"line":40,"column":12},"end":{"line":43,"column":18}},"27":{"start":{"line":42,"column":20},"end":{"line":42,"column":30}},"28":{"start":{"line":47,"column":26},"end":{"line":61,"column":5}},"29":{"start":{"line":49,"column":24},"end":{"line":52,"column":9}},"30":{"start":{"line":54,"column":8},"end":{"line":60,"column":73}},"31":{"start":{"line":55,"column":12},"end":{"line":58,"column":14}},"32":{"start":{"line":57,"column":15},"end":{"line":57,"column":35}},"33":{"start":{"line":60,"column":23},"end":{"line":60,"column":71}},"34":{"start":{"line":63,"column":25},"end":{"line":76,"column":5}},"35":{"start":{"line":64,"column":24},"end":{"line":67,"column":9}},"36":{"start":{"line":69,"column":8},"end":{"line":75,"column":76}},"37":{"start":{"line":70,"column":12},"end":{"line":73,"column":18}},"38":{"start":{"line":72,"column":20},"end":{"line":72,"column":40}},"39":{"start":{"line":75,"column":24},"end":{"line":75,"column":74}},"40":{"start":{"line":78,"column":4},"end":{"line":78,"column":35}}},"fnMap":{"0":{"name":"(anonymous_0)","decl":{"start":{"line":4,"column":17},"end":{"line":4,"column":18}},"loc":{"start":{"line":4,"column":26},"end":{"line":79,"column":1}},"line":4},"1":{"name":"(anonymous_1)","decl":{"start":{"line":7,"column":25},"end":{"line":7,"column":26}},"loc":{"start":{"line":7,"column":46},"end":{"line":29,"column":5}},"line":7},"2":{"name":"(anonymous_2)","decl":{"start":{"line":18,"column":22},"end":{"line":18,"column":23}},"loc":{"start":{"line":18,"column":31},"end":{"line":20,"column":17}},"line":18},"3":{"name":"(anonymous_3)","decl":{"start":{"line":25,"column":22},"end":{"line":25,"column":23}},"loc":{"start":{"line":25,"column":31},"end":{"line":27,"column":17}},"line":25},"4":{"name":"(anonymous_4)","decl":{"start":{"line":31,"column":19},"end":{"line":31,"column":20}},"loc":{"start":{"line":31,"column":40},"end":{"line":45,"column":5}},"line":31},"5":{"name":"(anonymous_5)","decl":{"start":{"line":34,"column":22},"end":{"line":34,"column":23}},"loc":{"start":{"line":34,"column":31},"end":{"line":36,"column":17}},"line":34},"6":{"name":"(anonymous_6)","decl":{"start":{"line":41,"column":22},"end":{"line":41,"column":23}},"loc":{"start":{"line":41,"column":31},"end":{"line":43,"column":17}},"line":41},"7":{"name":"(anonymous_7)","decl":{"start":{"line":47,"column":26},"end":{"line":47,"column":27}},"loc":{"start":{"line":47,"column":53},"end":{"line":61,"column":5}},"line":47},"8":{"name":"(anonymous_8)","decl":{"start":{"line":56,"column":18},"end":{"line":56,"column":19}},"loc":{"start":{"line":56,"column":32},"end":{"line":58,"column":13}},"line":56},"9":{"name":"(anonymous_9)","decl":{"start":{"line":63,"column":25},"end":{"line":63,"column":26}},"loc":{"start":{"line":63,"column":45},"end":{"line":76,"column":5}},"line":63},"10":{"name":"(anonymous_10)","decl":{"start":{"line":71,"column":22},"end":{"line":71,"column":23}},"loc":{"start":{"line":71,"column":36},"end":{"line":73,"column":17}},"line":71}},"branchMap":{"0":{"loc":{"start":{"line":7,"column":32},"end":{"line":7,"column":41}},"type":"default-arg","locations":[{"start":{"line":7,"column":39},"end":{"line":7,"column":41}}],"line":7},"1":{"loc":{"start":{"line":8,"column":8},"end":{"line":8,"column":82}},"type":"if","locations":[{"start":{"line":8,"column":8},"end":{"line":8,"column":82}},{"start":{},"end":{}}],"line":8},"2":{"loc":{"start":{"line":9,"column":8},"end":{"line":9,"column":135}},"type":"if","locations":[{"start":{"line":9,"column":8},"end":{"line":9,"column":135}},{"start":{},"end":{}}],"line":9},"3":{"loc":{"start":{"line":9,"column":11},"end":{"line":9,"column":49}},"type":"binary-expr","locations":[{"start":{"line":9,"column":12},"end":{"line":9,"column":21}},{"start":{"line":9,"column":25},"end":{"line":9,"column":34}},{"start":{"line":9,"column":39},"end":{"line":9,"column":49}}],"line":9},"4":{"loc":{"start":{"line":10,"column":8},"end":{"line":10,"column":111}},"type":"if","locations":[{"start":{"line":10,"column":8},"end":{"line":10,"column":111}},{"start":{},"end":{}}],"line":10},"5":{"loc":{"start":{"line":10,"column":11},"end":{"line":10,"column":48}},"type":"binary-expr","locations":[{"start":{"line":10,"column":12},"end":{"line":10,"column":21}},{"start":{"line":10,"column":25},"end":{"line":10,"column":33}},{"start":{"line":10,"column":38},"end":{"line":10,"column":48}}],"line":10},"6":{"loc":{"start":{"line":11,"column":8},"end":{"line":11,"column":112}},"type":"if","locations":[{"start":{"line":11,"column":8},"end":{"line":11,"column":112}},{"start":{},"end":{}}],"line":11},"7":{"loc":{"start":{"line":11,"column":11},"end":{"line":11,"column":48}},"type":"binary-expr","locations":[{"start":{"line":11,"column":12},"end":{"line":11,"column":20}},{"start":{"line":11,"column":24},"end":{"line":11,"column":33}},{"start":{"line":11,"column":38},"end":{"line":11,"column":48}}],"line":11},"8":{"loc":{"start":{"line":14,"column":8},"end":{"line":14,"column":114}},"type":"if","locations":[{"start":{"line":14,"column":8},"end":{"line":14,"column":114}},{"start":{},"end":{}}],"line":14},"9":{"loc":{"start":{"line":16,"column":8},"end":{"line":21,"column":9}},"type":"if","locations":[{"start":{"line":16,"column":8},"end":{"line":21,"column":9}},{"start":{},"end":{}}],"line":16},"10":{"loc":{"start":{"line":16,"column":11},"end":{"line":16,"column":48}},"type":"binary-expr","locations":[{"start":{"line":16,"column":12},"end":{"line":16,"column":21}},{"start":{"line":16,"column":25},"end":{"line":16,"column":34}},{"start":{"line":16,"column":39},"end":{"line":16,"column":48}}],"line":16},"11":{"loc":{"start":{"line":23,"column":8},"end":{"line":28,"column":9}},"type":"if","locations":[{"start":{"line":23,"column":8},"end":{"line":28,"column":9}},{"start":{},"end":{}}],"line":23},"12":{"loc":{"start":{"line":23,"column":11},"end":{"line":23,"column":47}},"type":"binary-expr","locations":[{"start":{"line":23,"column":12},"end":{"line":23,"column":20}},{"start":{"line":23,"column":24},"end":{"line":23,"column":32}},{"start":{"line":23,"column":37},"end":{"line":23,"column":47}}],"line":23},"13":{"loc":{"start":{"line":31,"column":26},"end":{"line":31,"column":35}},"type":"default-arg","locations":[{"start":{"line":31,"column":33},"end":{"line":31,"column":35}}],"line":31},"14":{"loc":{"start":{"line":32,"column":8},"end":{"line":37,"column":9}},"type":"if","locations":[{"start":{"line":32,"column":8},"end":{"line":37,"column":9}},{"start":{},"end":{}}],"line":32},"15":{"loc":{"start":{"line":39,"column":8},"end":{"line":44,"column":9}},"type":"if","locations":[{"start":{"line":39,"column":8},"end":{"line":44,"column":9}},{"start":{},"end":{}}],"line":39},"16":{"loc":{"start":{"line":39,"column":11},"end":{"line":39,"column":31}},"type":"binary-expr","locations":[{"start":{"line":39,"column":11},"end":{"line":39,"column":19}},{"start":{"line":39,"column":23},"end":{"line":39,"column":31}}],"line":39},"17":{"loc":{"start":{"line":47,"column":33},"end":{"line":47,"column":49}},"type":"default-arg","locations":[{"start":{"line":47,"column":47},"end":{"line":47,"column":49}}],"line":47},"18":{"loc":{"start":{"line":63,"column":32},"end":{"line":63,"column":40}},"type":"default-arg","locations":[{"start":{"line":63,"column":38},"end":{"line":63,"column":40}}],"line":63}},"s":{"0":5,"1":5,"2":5,"3":5,"4":8,"5":1,"6":7,"7":2,"8":5,"9":1,"10":4,"11":1,"12":3,"13":3,"14":1,"15":2,"16":1,"17":1,"18":1,"19":1,"20":1,"21":5,"22":4,"23":2,"24":1,"25":2,"26":2,"27":1,"28":5,"29":3,"30":3,"31":3,"32":2,"33":1,"34":5,"35":3,"36":3,"37":3,"38":2,"39":1,"40":5},"f":{"0":5,"1":8,"2":1,"3":1,"4":4,"5":1,"6":1,"7":3,"8":2,"9":3,"10":2},"b":{"0":[0],"1":[1,7],"2":[2,5],"3":[7,4,3],"4":[1,4],"5":[5,2,1],"6":[1,3],"7":[4,3,1],"8":[1,2],"9":[1,1],"10":[2,1,1],"11":[1,0],"12":[1,0,1],"13":[0],"14":[2,2],"15":[2,0],"16":[2,2],"17":[0],"18":[0]},"_coverageSchema":"1a1c01bbd47fc00a2c39e90264f33305004495a9","hash":"1d85a5d3290ff6da748278fed155fd2d8bd3ccf0"}
}
