TN:
SF:knexfile.js
FNF:0
FNH:0
DA:1,5
LF:1
LH:1
BRF:0
BRH:0
end_of_record
TN:
SF:src\app.js
FN:34,(anonymous_0)
FN:38,(anonymous_1)
FNF:2
FNH:2
FNDA:1,(anonymous_0)
FNDA:23,(anonymous_1)
DA:1,5
DA:2,5
DA:3,5
DA:4,5
DA:5,5
DA:7,5
DA:8,5
DA:10,5
DA:11,5
DA:13,5
DA:26,5
DA:34,5
DA:35,1
DA:38,5
DA:39,23
DA:41,23
DA:43,1
DA:44,1
DA:45,1
DA:47,22
DA:52,5
LF:21
LH:21
BRDA:41,0,0,22
BRDA:41,0,1,1
BRF:2
BRH:2
end_of_record
TN:
SF:src\config\middlewares.js
FN:3,(anonymous_0)
FNF:1
FNH:1
FNDA:5,(anonymous_0)
DA:1,5
DA:3,5
DA:4,5
LF:3
LH:3
BRF:0
BRH:0
end_of_record
TN:
SF:src\config\passport.js
FN:7,(anonymous_0)
FN:13,(anonymous_1)
FN:15,(anonymous_2)
FN:18,(anonymous_3)
FN:24,(anonymous_4)
FNF:5
FNH:4
FNDA:5,(anonymous_0)
FNDA:11,(anonymous_1)
FNDA:11,(anonymous_2)
FNDA:0,(anonymous_3)
FNDA:5,(anonymous_4)
DA:1,5
DA:2,5
DA:3,5
DA:5,5
DA:7,5
DA:8,5
DA:13,5
DA:14,11
DA:16,11
DA:17,0
DA:18,0
DA:21,5
DA:23,5
DA:24,5
LF:14
LH:12
BRDA:16,0,0,11
BRDA:16,0,1,0
BRF:2
BRH:1
end_of_record
TN:
SF:src\config\router.js
FN:3,(anonymous_0)
FNF:1
FNH:1
FNDA:5,(anonymous_0)
DA:1,5
DA:3,5
DA:4,5
DA:5,5
DA:6,5
DA:8,5
DA:10,5
DA:12,5
LF:8
LH:8
BRF:0
BRH:0
end_of_record
TN:
SF:src\config\smtp.js
FNF:0
FNH:0
DA:1,5
LF:1
LH:1
BRF:0
BRH:0
end_of_record
TN:
SF:src\errors\validationError.js
FN:1,validationError
FNF:1
FNH:1
FNDA:22,validationError
DA:1,5
DA:2,22
DA:3,22
LF:3
LH:3
BRF:0
BRH:0
end_of_record
TN:
SF:src\routes\auths.js
FN:10,(anonymous_0)
FN:20,(anonymous_1)
FN:22,(anonymous_2)
FN:33,(anonymous_3)
FN:36,(anonymous_4)
FN:44,(anonymous_5)
FN:65,(anonymous_6)
FN:67,(anonymous_7)
FN:73,(anonymous_8)
FNF:9
FNH:8
FNDA:5,(anonymous_0)
FNDA:5,(anonymous_1)
FNDA:5,(anonymous_2)
FNDA:2,(anonymous_3)
FNDA:5,(anonymous_4)
FNDA:5,(anonymous_5)
FNDA:1,(anonymous_6)
FNDA:1,(anonymous_7)
FNDA:0,(anonymous_8)
DA:1,5
DA:2,5
DA:3,5
DA:4,5
DA:5,5
DA:6,5
DA:7,5
DA:8,5
DA:10,5
DA:11,5
DA:12,5
DA:20,5
DA:21,5
DA:23,5
DA:24,4
DA:25,3
DA:27,3
DA:28,3
DA:30,3
DA:32,1
DA:33,2
DA:36,5
DA:37,5
DA:38,5
DA:39,1
DA:41,4
DA:44,5
DA:45,5
DA:46,5
DA:48,3
DA:49,3
DA:51,3
DA:52,3
DA:53,3
DA:54,3
DA:56,1
DA:60,2
DA:65,5
DA:66,1
DA:68,1
DA:74,0
DA:77,1
DA:78,1
DA:80,1
DA:84,5
LF:45
LH:44
BRDA:23,0,0,1
BRDA:23,0,1,4
BRDA:24,1,0,3
BRDA:24,1,1,1
BRDA:49,2,0,1
BRDA:49,2,1,2
BRDA:74,3,0,0
BRDA:74,3,1,0
BRF:8
BRH:6
end_of_record
TN:
SF:src\routes\subscribes.js
FN:3,(anonymous_0)
FN:6,(anonymous_1)
FN:8,(anonymous_2)
FN:9,(anonymous_3)
FN:13,(anonymous_4)
FN:22,(anonymous_5)
FN:24,(anonymous_6)
FN:25,(anonymous_7)
FN:29,(anonymous_8)
FN:31,(anonymous_9)
FN:32,(anonymous_10)
FNF:11
FNH:8
FNDA:5,(anonymous_0)
FNDA:1,(anonymous_1)
FNDA:1,(anonymous_2)
FNDA:0,(anonymous_3)
FNDA:4,(anonymous_4)
FNDA:1,(anonymous_5)
FNDA:1,(anonymous_6)
FNDA:0,(anonymous_7)
FNDA:1,(anonymous_8)
FNDA:1,(anonymous_9)
FNDA:0,(anonymous_10)
DA:1,5
DA:3,5
DA:4,5
DA:6,5
DA:7,1
DA:8,1
DA:9,0
DA:13,5
DA:14,4
DA:15,4
DA:16,1
DA:18,3
DA:22,5
DA:23,1
DA:24,1
DA:25,0
DA:29,5
DA:30,1
DA:31,1
DA:32,0
DA:35,5
LF:21
LH:18
BRF:0
BRH:0
end_of_record
TN:
SF:src\routes\users.js
FN:5,(anonymous_0)
FN:8,(anonymous_1)
FN:10,(anonymous_2)
FN:11,(anonymous_3)
FN:14,(anonymous_4)
FN:22,(anonymous_5)
FN:37,(anonymous_6)
FN:39,(anonymous_7)
FN:40,(anonymous_8)
FN:43,(anonymous_9)
FN:45,(anonymous_10)
FN:46,(anonymous_11)
FNF:12
FNH:9
FNDA:5,(anonymous_0)
FNDA:1,(anonymous_1)
FNDA:1,(anonymous_2)
FNDA:0,(anonymous_3)
FNDA:6,(anonymous_4)
FNDA:1,(anonymous_5)
FNDA:2,(anonymous_6)
FNDA:2,(anonymous_7)
FNDA:0,(anonymous_8)
FNDA:1,(anonymous_9)
FNDA:1,(anonymous_10)
FNDA:0,(anonymous_11)
DA:1,5
DA:2,5
DA:3,5
DA:5,5
DA:6,5
DA:8,5
DA:9,1
DA:10,1
DA:11,0
DA:14,5
DA:15,6
DA:16,6
DA:17,1
DA:19,5
DA:22,5
DA:23,1
DA:24,1
DA:25,1
DA:27,1
DA:28,1
DA:30,1
DA:31,1
DA:33,0
DA:37,5
DA:38,2
DA:39,2
DA:40,0
DA:43,5
DA:44,1
DA:45,1
DA:46,0
DA:49,5
LF:32
LH:28
BRF:0
BRH:0
end_of_record
TN:
SF:src\routes\weathers.js
FN:3,(anonymous_0)
FN:6,(anonymous_1)
FN:8,(anonymous_2)
FN:9,(anonymous_3)
FN:12,(anonymous_4)
FN:14,(anonymous_5)
FN:15,(anonymous_6)
FNF:7
FNH:7
FNDA:5,(anonymous_0)
FNDA:4,(anonymous_1)
FNDA:2,(anonymous_2)
FNDA:2,(anonymous_3)
FNDA:8,(anonymous_4)
FNDA:2,(anonymous_5)
FNDA:6,(anonymous_6)
DA:1,5
DA:3,5
DA:4,5
DA:6,5
DA:7,4
DA:8,2
DA:9,2
DA:12,5
DA:13,8
DA:14,2
DA:15,6
DA:18,5
LF:12
LH:12
BRF:0
BRH:0
end_of_record
TN:
SF:src\services\nodemailer.js
FN:4,(anonymous_0)
FN:6,(anonymous_1)
FN:11,(anonymous_2)
FN:14,(anonymous_3)
FN:19,(anonymous_4)
FN:22,(anonymous_5)
FNF:6
FNH:4
FNDA:5,(anonymous_0)
FNDA:3,(anonymous_1)
FNDA:2,(anonymous_2)
FNDA:0,(anonymous_3)
FNDA:1,(anonymous_4)
FNDA:0,(anonymous_5)
DA:1,5
DA:2,5
DA:4,5
DA:6,5
DA:7,3
DA:9,3
DA:10,2
DA:12,2
DA:14,0
DA:17,3
DA:18,1
DA:20,1
DA:22,0
DA:29,5
LF:14
LH:12
BRDA:9,0,0,2
BRDA:9,0,1,1
BRDA:17,1,0,1
BRDA:17,1,1,2
BRF:4
BRH:4
end_of_record
TN:
SF:src\services\subscribe.js
FN:8,(anonymous_0)
FN:18,(anonymous_1)
FN:22,(anonymous_2)
FN:26,(anonymous_3)
FN:42,(anonymous_4)
FN:53,(anonymous_5)
FN:59,(anonymous_6)
FNF:7
FNH:6
FNDA:5,(anonymous_0)
FNDA:1,(anonymous_1)
FNDA:4,(anonymous_2)
FNDA:6,(anonymous_3)
FNDA:0,(anonymous_4)
FNDA:2,(anonymous_5)
FNDA:1,(anonymous_6)
DA:1,5
DA:2,5
DA:3,5
DA:4,5
DA:5,5
DA:6,5
DA:8,5
DA:10,5
DA:18,5
DA:19,1
DA:22,5
DA:23,4
DA:26,5
DA:27,6
DA:28,5
DA:30,4
DA:31,4
DA:33,3
DA:34,3
DA:37,3
DA:43,0
DA:47,3
DA:48,3
DA:50,3
DA:53,5
DA:54,2
DA:59,5
DA:60,1
DA:65,5
LF:29
LH:28
BRDA:18,0,0,1
BRDA:22,1,0,0
BRDA:27,2,0,1
BRDA:27,2,1,5
BRDA:28,3,0,1
BRDA:28,3,1,4
BRDA:31,4,0,1
BRDA:31,4,1,3
BRDA:43,5,0,0
BRDA:43,5,1,0
BRF:10
BRH:7
end_of_record
TN:
SF:src\services\user.js
FN:10,(anonymous_0)
FN:20,(anonymous_1)
FN:24,(anonymous_2)
FN:28,(anonymous_3)
FN:33,(anonymous_4)
FN:51,(anonymous_5)
FN:63,(anonymous_6)
FN:75,(anonymous_7)
FNF:8
FNH:7
FNDA:5,(anonymous_0)
FNDA:1,(anonymous_1)
FNDA:31,(anonymous_2)
FNDA:10,(anonymous_3)
FNDA:18,(anonymous_4)
FNDA:0,(anonymous_5)
FNDA:4,(anonymous_6)
FNDA:1,(anonymous_7)
DA:1,5
DA:2,5
DA:3,5
DA:4,5
DA:5,5
DA:6,5
DA:7,5
DA:10,5
DA:12,5
DA:20,5
DA:21,1
DA:24,5
DA:25,31
DA:28,5
DA:29,10
DA:30,10
DA:33,5
DA:34,18
DA:35,16
DA:36,14
DA:37,12
DA:39,10
DA:40,10
DA:42,9
DA:43,9
DA:46,9
DA:52,0
DA:55,9
DA:56,9
DA:57,9
DA:58,9
DA:60,9
DA:63,5
DA:64,4
DA:66,4
DA:67,1
DA:70,4
DA:75,5
DA:76,1
DA:81,5
LF:40
LH:39
BRDA:24,0,0,0
BRDA:34,1,0,2
BRDA:34,1,1,16
BRDA:35,2,0,2
BRDA:35,2,1,14
BRDA:36,3,0,2
BRDA:36,3,1,12
BRDA:37,4,0,2
BRDA:37,4,1,10
BRDA:40,5,0,1
BRDA:40,5,1,9
BRDA:52,6,0,0
BRDA:52,6,1,0
BRDA:66,7,0,1
BRDA:66,7,1,3
BRF:15
BRH:12
end_of_record
TN:
SF:src\services\weather.js
FN:4,(anonymous_0)
FN:7,(anonymous_1)
FN:18,(anonymous_2)
FN:25,(anonymous_3)
FN:31,(anonymous_4)
FN:34,(anonymous_5)
FN:41,(anonymous_6)
FN:47,(anonymous_7)
FN:56,(anonymous_8)
FN:63,(anonymous_9)
FN:71,(anonymous_10)
FNF:11
FNH:11
FNDA:5,(anonymous_0)
FNDA:8,(anonymous_1)
FNDA:1,(anonymous_2)
FNDA:1,(anonymous_3)
FNDA:4,(anonymous_4)
FNDA:1,(anonymous_5)
FNDA:1,(anonymous_6)
FNDA:3,(anonymous_7)
FNDA:2,(anonymous_8)
FNDA:3,(anonymous_9)
FNDA:2,(anonymous_10)
DA:1,5
DA:2,5
DA:4,5
DA:7,5
DA:8,8
DA:9,7
DA:10,5
DA:11,4
DA:13,3
DA:14,3
DA:16,2
DA:17,1
DA:19,1
DA:23,1
DA:24,1
DA:26,1
DA:31,5
DA:32,4
DA:33,2
DA:35,1
DA:39,2
DA:40,2
DA:42,1
DA:47,5
DA:49,3
DA:54,3
DA:55,3
DA:57,2
DA:60,1
DA:63,5
DA:64,3
DA:69,3
DA:70,3
DA:72,2
DA:75,1
DA:78,5
LF:36
LH:36
BRDA:7,0,0,0
BRDA:8,1,0,1
BRDA:8,1,1,7
BRDA:9,2,0,2
BRDA:9,2,1,5
BRDA:9,3,0,7
BRDA:9,3,1,4
BRDA:9,3,2,3
BRDA:10,4,0,1
BRDA:10,4,1,4
BRDA:10,5,0,5
BRDA:10,5,1,2
BRDA:10,5,2,1
BRDA:11,6,0,1
BRDA:11,6,1,3
BRDA:11,7,0,4
BRDA:11,7,1,3
BRDA:11,7,2,1
BRDA:14,8,0,1
BRDA:14,8,1,2
BRDA:16,9,0,1
BRDA:16,9,1,1
BRDA:16,10,0,2
BRDA:16,10,1,1
BRDA:16,10,2,1
BRDA:23,11,0,1
BRDA:23,11,1,0
BRDA:23,12,0,1
BRDA:23,12,1,0
BRDA:23,12,2,1
BRDA:31,13,0,0
BRDA:32,14,0,2
BRDA:32,14,1,2
BRDA:39,15,0,2
BRDA:39,15,1,0
BRDA:39,16,0,2
BRDA:39,16,1,2
BRDA:47,17,0,0
BRDA:63,18,0,0
BRF:39
BRH:32
end_of_record
